[INFO  - 2019-05-28T01:08:32.495Z] GhostDriver - Main - running on port 55142
[INFO  - 2019-05-28T01:08:36.949Z] Session [1f1de5f0-80e5-11e9-a6b2-e57362942e2b] - page.settings - {"XSSAuditingEnabled":false,"javascriptCanCloseWindows":true,"javascriptCanOpenWindows":true,"javascriptEnabled":true,"loadImages":true,"localToRemoteUrlAccessEnabled":false,"userAgent":"Mozilla/5.0 (Windows NT 6.2; WOW64) AppleWebKit/538.1 (KHTML, like Gecko) PhantomJS/2.1.1 Safari/538.1","webSecurityEnabled":true}
[INFO  - 2019-05-28T01:08:36.949Z] Session [1f1de5f0-80e5-11e9-a6b2-e57362942e2b] - page.customHeaders:  - {}
[INFO  - 2019-05-28T01:08:36.949Z] Session [1f1de5f0-80e5-11e9-a6b2-e57362942e2b] - Session.negotiatedCapabilities - {"browserName":"phantomjs","version":"2.1.1","driverName":"ghostdriver","driverVersion":"1.2.0","platform":"windows-10-32bit","javascriptEnabled":true,"takesScreenshot":true,"handlesAlerts":false,"databaseEnabled":false,"locationContextEnabled":false,"applicationCacheEnabled":false,"browserConnectionEnabled":false,"cssSelectorsEnabled":true,"webStorageEnabled":false,"rotatable":false,"acceptSslCerts":false,"nativeEvents":true,"proxy":{"proxyType":"direct"}}
[INFO  - 2019-05-28T01:08:36.949Z] SessionManagerReqHand - _postNewSessionCommand - New Session Created: 1f1de5f0-80e5-11e9-a6b2-e57362942e2b
[ERROR - 2019-05-28T01:08:39.334Z] WebElementLocator - _handleLocateCommand - Element(s) NOT Found: GAVE UP. Search Stop Time: 1559005719270

  phantomjs://platform/console++.js:263 in error
[ERROR - 2019-05-28T01:09:03.941Z] WebElementLocator - _handleLocateCommand - Element(s) NOT Found: GAVE UP. Search Stop Time: 1559005743811

  phantomjs://platform/console++.js:263 in error
[ERROR - 2019-05-28T01:09:17.955Z] WebElementLocator - _handleLocateCommand - Element(s) NOT Found: GAVE UP. Search Stop Time: 1559005757870

  phantomjs://platform/console++.js:263 in error
[ERROR - 2019-05-28T01:09:22.348Z] WebElementLocator - _handleLocateCommand - Element(s) NOT Found: GAVE UP. Search Stop Time: 1559005762301

  phantomjs://platform/console++.js:263 in error
[ERROR - 2019-05-28T01:09:39.627Z] WebElementLocator - _handleLocateCommand - Element(s) NOT Found: GAVE UP. Search Stop Time: 1559005778564

  phantomjs://platform/console++.js:263 in error
[ERROR - 2019-05-28T01:09:56.495Z] WebElementLocator - _handleLocateCommand - Element(s) NOT Found: GAVE UP. Search Stop Time: 1559005795498

  phantomjs://platform/console++.js:263 in error
[ERROR - 2019-05-28T01:10:01.908Z] WebElementLocator - _handleLocateCommand - Element(s) NOT Found: GAVE UP. Search Stop Time: 1559005801862

  phantomjs://platform/console++.js:263 in error
[ERROR - 2019-05-28T01:10:18.731Z] WebElementLocator - _handleLocateCommand - Element(s) NOT Found: GAVE UP. Search Stop Time: 1559005818709

  phantomjs://platform/console++.js:263 in error
[ERROR - 2019-05-28T01:10:47.089Z] WebElementLocator - _handleLocateCommand - Element(s) NOT Found: GAVE UP. Search Stop Time: 1559005847045

  phantomjs://platform/console++.js:263 in error
[ERROR - 2019-05-28T01:11:00.732Z] WebElementLocator - _handleLocateCommand - Element(s) NOT Found: GAVE UP. Search Stop Time: 1559005860723

  phantomjs://platform/console++.js:263 in error
[ERROR - 2019-05-28T01:11:12.308Z] WebElementLocator - _handleLocateCommand - Element(s) NOT Found: GAVE UP. Search Stop Time: 1559005872288

  phantomjs://platform/console++.js:263 in error
[ERROR - 2019-05-28T01:11:28.887Z] WebElementLocator - _handleLocateCommand - Element(s) NOT Found: GAVE UP. Search Stop Time: 1559005887840

  phantomjs://platform/console++.js:263 in error
[INFO  - 2019-05-28T01:13:32.492Z] SessionManagerReqHand - _cleanupWindowlessSessions - Asynchronous Sessions clean-up phase starting NOW
